#
# There is insufficient memory for the Java Runtime Environment to continue.
# Native memory allocation (mmap) failed to map 67108864 bytes for Failed to commit area from 0x00000000c1c00000 to 0x00000000c5c00000 of length 67108864.
# Possible reasons:
#   The system is out of physical RAM or swap space
#   The process is running with CompressedOops enabled, and the Java Heap may be blocking the growth of the native heap
# Possible solutions:
#   Reduce memory load on the system
#   Increase physical memory or swap space
#   Check if swap backing store is full
#   Decrease Java heap size (-Xmx/-Xms)
#   Decrease number of Java threads
#   Decrease Java thread stack sizes (-Xss)
#   Set larger code cache with -XX:ReservedCodeCacheSize=
# This output file may be truncated or incomplete.
#
#  Out of Memory Error (t:/workspace/open/src/hotspot/os/windows/os_windows.cpp:3254), pid=7760, tid=7128
#
# JRE version:  (12.0.1+12) (build )
# Java VM: Java HotSpot(TM) 64-Bit Server VM (12.0.1+12, mixed mode, aot, sharing, tiered, compressed oops, g1 gc, windows-amd64)
# No core dump will be written. Minidumps are not enabled by default on client versions of Windows
#

---------------  S U M M A R Y ------------

Command Line: -Dfile.encoding=MS949 --module-path=C:\Users\ssong\Desktop\eclipse\ojdbc6.jar org.CapstoneProject.Basket

Host: Intel(R) Pentium(R) CPU 2117U @ 1.80GHz, 2 cores, 3G,  Windows 10 , 64 bit Build 18362 (10.0.18362.329)
Time: Wed Sep 25 14:37:47 2019 ¢¥eCN©öI¡¾©ö C¡ÍA¨ª¨öA elapsed time: 0 seconds (0d 0h 0m 0s)

---------------  T H R E A D  ---------------

Current thread (0x00000269a3b15000):  JavaThread "Unknown thread" [_thread_in_vm, id=7128, stack(0x000000b02f200000,0x000000b02f300000)]

Stack: [0x000000b02f200000,0x000000b02f300000]
Native frames: (J=compiled Java code, j=interpreted, Vv=VM code, C=native code)
V  [jvm.dll+0x63948a]
V  [jvm.dll+0x78b31f]
V  [jvm.dll+0x78c9c1]
V  [jvm.dll+0x78d013]
V  [jvm.dll+0x262138]
V  [jvm.dll+0x63698a]
V  [jvm.dll+0x62b505]
V  [jvm.dll+0x31d9bc]
V  [jvm.dll+0x31d7ef]
V  [jvm.dll+0x323526]
V  [jvm.dll+0x370f76]
V  [jvm.dll+0x370750]
V  [jvm.dll+0x2f786a]
V  [jvm.dll+0x2f8af2]
V  [jvm.dll+0x7657b7]
V  [jvm.dll+0x766e95]
V  [jvm.dll+0x37f089]
V  [jvm.dll+0x749b14]
V  [jvm.dll+0x3ee48d]
V  [jvm.dll+0x3f03c1]
C  [jli.dll+0x51cf]
C  [ucrtbase.dll+0x1d9f2]
C  [KERNEL32.DLL+0x17bd4]
C  [ntdll.dll+0x6cee1]


---------------  P R O C E S S  ---------------

Threads class SMR info:
_java_thread_list=0x00007ffe77bf48e8, length=0, elements={
}

Java Threads: ( => current thread )

Other Threads:
  0x00000269a3b3f000 GCTaskThread "GC Thread#0" [stack: 0x000000b02f300000,0x000000b02f400000] [id=14908]
  0x00000269a3b46800 ConcurrentGCThread "G1 Main Marker" [stack: 0x000000b02f400000,0x000000b02f500000] [id=15540]
  0x00000269a3b4c000 ConcurrentGCThread "G1 Conc#0" [stack: 0x000000b02f500000,0x000000b02f600000] [id=18680]

[error occurred during error reporting (printing all threads), id 0xc0000005, EXCEPTION_ACCESS_VIOLATION (0xc0000005) at pc=0x00007ffe77427a37]

VM state:not at safepoint (not fully initialized)

VM Mutex/Monitor currently owned by a thread:  ([mutex/lock_event])
[0x00000269a3b11110] Heap_lock - owner thread: 0x00000269a3b15000

Heap address: 0x00000000c1c00000, size: 996 MB, Compressed Oops mode: Non-zero based: 0x00000000c1c00000
Narrow klass base: 0x0000000000000000, Narrow klass shift: 0

GC Heap History (0 events):
No events

Deoptimization events (0 events):
No events

Classes redefined (0 events):
No events

Internal exceptions (0 events):
No events

Events (0 events):
No events


Dynamic libraries:
0x00007ff674940000 - 0x00007ff67494f000 	C:\Program Files\Java\jdk-12.0.1\bin\javaw.exe
0x00007ffea0ba0000 - 0x00007ffea0d90000 	C:\WINDOWS\SYSTEM32\ntdll.dll
0x00007ffe9ed50000 - 0x00007ffe9ee02000 	C:\WINDOWS\System32\KERNEL32.DLL
0x00007ffe9e360000 - 0x00007ffe9e603000 	C:\WINDOWS\System32\KERNELBASE.dll
0x00007ffe9eb00000 - 0x00007ffe9ebfa000 	C:\WINDOWS\System32\ucrtbase.dll
0x00007ffe931c0000 - 0x00007ffe931d8000 	C:\Program Files\Java\jdk-12.0.1\bin\jli.dll
0x00007ffea09c0000 - 0x00007ffea0a63000 	C:\WINDOWS\System32\ADVAPI32.dll
0x00007ffe9f9a0000 - 0x00007ffe9fa3e000 	C:\WINDOWS\System32\msvcrt.dll
0x00007ffe9ecb0000 - 0x00007ffe9ed47000 	C:\WINDOWS\System32\sechost.dll
0x00007ffea08a0000 - 0x00007ffea09c0000 	C:\WINDOWS\System32\RPCRT4.dll
0x00007ffe9f650000 - 0x00007ffe9f7e3000 	C:\WINDOWS\System32\USER32.dll
0x00007ffe9db30000 - 0x00007ffe9db51000 	C:\WINDOWS\System32\win32u.dll
0x00007ffea0250000 - 0x00007ffea0276000 	C:\WINDOWS\System32\GDI32.dll
0x00007ffe9e640000 - 0x00007ffe9e7d4000 	C:\WINDOWS\System32\gdi32full.dll
0x00007ffe9ea60000 - 0x00007ffe9eafe000 	C:\WINDOWS\System32\msvcp_win.dll
0x00007ffe931a0000 - 0x00007ffe931b6000 	C:\Program Files\Java\jdk-12.0.1\bin\VCRUNTIME140.dll
0x00007ffe8eab0000 - 0x00007ffe8ed35000 	C:\WINDOWS\WinSxS\amd64_microsoft.windows.common-controls_6595b64144ccf1df_6.0.18362.356_none_e6c4af7d130f27cc\COMCTL32.dll
0x00007ffea0330000 - 0x00007ffea0666000 	C:\WINDOWS\System32\combase.dll
0x00007ffe9db60000 - 0x00007ffe9dbe0000 	C:\WINDOWS\System32\bcryptPrimitives.dll
0x00007ffe94370000 - 0x00007ffe9437a000 	C:\WINDOWS\SYSTEM32\VERSION.dll
0x00007ffe9fa40000 - 0x00007ffe9fa6e000 	C:\WINDOWS\System32\IMM32.DLL
0x00007ffe8c000000 - 0x00007ffe8c0aa000 	C:\Program Files\Java\jdk-12.0.1\bin\msvcp140.dll
0x00007ffe77120000 - 0x00007ffe77c94000 	C:\Program Files\Java\jdk-12.0.1\bin\server\jvm.dll
0x00007ffea0830000 - 0x00007ffea0838000 	C:\WINDOWS\System32\PSAPI.DLL
0x00007ffe957b0000 - 0x00007ffe957b9000 	C:\WINDOWS\SYSTEM32\WSOCK32.dll
0x00007ffe9ee10000 - 0x00007ffe9ee7f000 	C:\WINDOWS\System32\WS2_32.dll
0x00007ffe95700000 - 0x00007ffe95724000 	C:\WINDOWS\SYSTEM32\WINMM.dll
0x00007ffe956d0000 - 0x00007ffe956fd000 	C:\WINDOWS\SYSTEM32\WINMMBASE.dll
0x00007ffe9ec00000 - 0x00007ffe9ec4a000 	C:\WINDOWS\System32\cfgmgr32.dll
0x00007ffe9daa0000 - 0x00007ffe9dab1000 	C:\WINDOWS\System32\kernel.appcore.dll
0x00007ffe89490000 - 0x00007ffe894a1000 	C:\Program Files\Java\jdk-12.0.1\bin\verify.dll
0x00007ffe98a80000 - 0x00007ffe98c74000 	C:\WINDOWS\SYSTEM32\DBGHELP.DLL
0x00007ffe98a50000 - 0x00007ffe98a7a000 	C:\WINDOWS\SYSTEM32\dbgcore.DLL
0x00007ffe85720000 - 0x00007ffe85746000 	C:\Program Files\Java\jdk-12.0.1\bin\java.dll
0x00007ffe88e40000 - 0x00007ffe88e57000 	C:\Program Files\Java\jdk-12.0.1\bin\zip.dll
0x00007ffe94b30000 - 0x00007ffe94b3a000 	C:\Program Files\Java\jdk-12.0.1\bin\jimage.dll

dbghelp: loaded successfully - version: 4.0.5 - missing functions: none
symbol engine: initialized successfully - sym options: 0x614 - pdb path: .;C:\Program Files\Java\jdk-12.0.1\bin;C:\WINDOWS\SYSTEM32;C:\WINDOWS\WinSxS\amd64_microsoft.windows.common-controls_6595b64144ccf1df_6.0.18362.356_none_e6c4af7d130f27cc;C:\Program Files\Java\jdk-12.0.1\bin\server

VM Arguments:
jvm_args: -Dfile.encoding=MS949 --module-path=C:\Users\ssong\Desktop\eclipse\ojdbc6.jar 
java_command: org.CapstoneProject.Basket
java_class_path (initial): C:\Users\ssong\eclipse-workspace\capstone_project\bin
Launcher Type: SUN_STANDARD

[Global flags]
     intx CICompilerCount                          = 2                                         {product} {ergonomic}
     uint ConcGCThreads                            = 1                                         {product} {ergonomic}
     uint G1ConcRefinementThreads                  = 2                                         {product} {ergonomic}
   size_t G1HeapRegionSize                         = 1048576                                   {product} {ergonomic}
    uintx GCDrainStackTargetSize                   = 64                                        {product} {ergonomic}
   size_t InitialHeapSize                          = 67108864                                  {product} {ergonomic}
   size_t MarkStackSize                            = 4194304                                   {product} {ergonomic}
   size_t MaxHeapSize                              = 1044381696                                {product} {ergonomic}
   size_t MinHeapDeltaBytes                        = 1048576                                   {product} {ergonomic}
    uintx NonNMethodCodeHeapSize                   = 5825164                                {pd product} {ergonomic}
    uintx NonProfiledCodeHeapSize                  = 122916538                              {pd product} {ergonomic}
    uintx ProfiledCodeHeapSize                     = 122916538                              {pd product} {ergonomic}
    uintx ReservedCodeCacheSize                    = 251658240                              {pd product} {ergonomic}
     bool SegmentedCodeCache                       = true                                      {product} {ergonomic}
     bool UseCompressedClassPointers               = true                                 {lp64_product} {ergonomic}
     bool UseCompressedOops                        = true                                 {lp64_product} {ergonomic}
     bool UseG1GC                                  = true                                      {product} {ergonomic}
     bool UseLargePagesIndividualAllocation        = false                                  {pd product} {ergonomic}

Logging:
Log output configuration:
 #0: stdout all=warning uptime,level,tags
 #1: stderr all=off uptime,level,tags

Environment Variables:
PATH=C:/Program Files/Java/jdk-12.0.1/bin/server;C:/Program Files/Java/jdk-12.0.1/bin;C:\oraclexe\app\oracle\product\11.2.0\server\bin;C:\WINDOWS\system32;C:\WINDOWS;C:\WINDOWS\System32\Wbem;C:\WINDOWS\System32\WindowsPowerShell\v1.0\;C:\WINDOWS\System32\OpenSSH\;C:\Program Files\Java\jdk-12.0.1\bin;C:\Users\ssong\AppData\Local\Microsoft\WindowsApps;C:\Program Files\Bandizip\;C:\Users\ssong\Desktop\eclipse;
USERNAME=ssong
OS=Windows_NT
PROCESSOR_IDENTIFIER=Intel64 Family 6 Model 58 Stepping 9, GenuineIntel



---------------  S Y S T E M  ---------------

OS: Windows 10 , 64 bit Build 18362 (10.0.18362.329)

CPU:total 2 (initial active 2) (2 cores per cpu, 1 threads per core) family 6 model 58 stepping 9, cmov, cx8, fxsr, mmx, sse, sse2, sse3, ssse3, sse4.1, sse4.2, popcnt, clmul, erms, tsc, tscinvbit, tscinv

Memory: 4k page, system-wide physical 3981M (538M free)
TotalPageFile size 16269M (AvailPageFile size 12M)
current process WorkingSet (physical memory assigned to process): 9M, peak: 9M
current process commit charge ("private bytes"): 47M, peak: 111M

vm_info: Java HotSpot(TM) 64-Bit Server VM (12.0.1+12) for windows-amd64 JRE (12.0.1+12), built on Apr  2 2019 14:02:19 by "mach5one" with MS VC++ 15.5 (VS2017)

END.
